Log file opened on Thu Jun 28 10:30:17 2018
Host: pn1516938.lanl.gov  pid: 9635  nodeid: 0  nnodes:  1
The Gromacs distribution was built Tue May 15 11:42:05 MDT 2018 by
doonam@pn1516938.lanl.gov (Darwin 15.6.0 x86_64)


                         :-)  G  R  O  M  A  C  S  (-:

                 Good ROcking Metal Altar for Chronical Sinners

                            :-)  VERSION 4.5.5  (-:

        Written by Emile Apol, Rossen Apostolov, Herman J.C. Berendsen,
      Aldert van Buuren, Pär Bjelkmar, Rudi van Drunen, Anton Feenstra, 
        Gerrit Groenhof, Peter Kasson, Per Larsson, Pieter Meulenhoff, 
           Teemu Murtola, Szilard Pall, Sander Pronk, Roland Schulz, 
                Michael Shirts, Alfons Sijbers, Peter Tieleman,

               Berk Hess, David van der Spoel, and Erik Lindahl.

       Copyright (c) 1991-2000, University of Groningen, The Netherlands.
            Copyright (c) 2001-2010, The GROMACS development team at
        Uppsala University & The Royal Institute of Technology, Sweden.
            check out http://www.gromacs.org for more information.

         This program is free software; you can redistribute it and/or
          modify it under the terms of the GNU General Public License
         as published by the Free Software Foundation; either version 2
             of the License, or (at your option) any later version.

          :-)  /Users/doonam/bin/gromacs-4.5.5_cryo_fit/bin/mdrun  (-:


++++ PLEASE READ AND CITE THE FOLLOWING REFERENCE ++++
B. Hess and C. Kutzner and D. van der Spoel and E. Lindahl
GROMACS 4: Algorithms for highly efficient, load-balanced, and scalable
molecular simulation
J. Chem. Theory Comput. 4 (2008) pp. 435-447
-------- -------- --- Thank You --- -------- --------


++++ PLEASE READ AND CITE THE FOLLOWING REFERENCE ++++
D. van der Spoel, E. Lindahl, B. Hess, G. Groenhof, A. E. Mark and H. J. C.
Berendsen
GROMACS: Fast, Flexible and Free
J. Comp. Chem. 26 (2005) pp. 1701-1719
-------- -------- --- Thank You --- -------- --------


++++ PLEASE READ AND CITE THE FOLLOWING REFERENCE ++++
E. Lindahl and B. Hess and D. van der Spoel
GROMACS 3.0: A package for molecular simulation and trajectory analysis
J. Mol. Mod. 7 (2001) pp. 306-317
-------- -------- --- Thank You --- -------- --------


++++ PLEASE READ AND CITE THE FOLLOWING REFERENCE ++++
H. J. C. Berendsen, D. van der Spoel and R. van Drunen
GROMACS: A message-passing parallel molecular dynamics implementation
Comp. Phys. Comm. 91 (1995) pp. 43-56
-------- -------- --- Thank You --- -------- --------

Input Parameters:
   integrator           = steep
   nsteps               = 10
   init_step            = 0
   ns_type              = Grid
   nstlist              = 10
   ndelta               = 2
   nstcomm              = 10
   comm_mode            = Linear
   nstlog               = 100
   nstxout              = 100
   nstvout              = 100
   nstfout              = 0
   nstcalcenergy        = -1
   nstenergy            = 100
   nstxtcout            = 0
   init_t               = 0
   delta_t              = 0.001
   xtcprec              = 1000
   nkx                  = 0
   nky                  = 0
   nkz                  = 0
   pme_order            = 4
   ewald_rtol           = 1e-05
   ewald_geometry       = 0
   epsilon_surface      = 0
   optimize_fft         = FALSE
   ePBC                 = no
   bPeriodicMols        = FALSE
   bContinuation        = FALSE
   bShakeSOR            = FALSE
   etc                  = No
   nsttcouple           = -1
   epc                  = No
   epctype              = Isotropic
   nstpcouple           = -1
   tau_p                = 1
   ref_p (3x3):
      ref_p[    0]={ 0.00000e+00,  0.00000e+00,  0.00000e+00}
      ref_p[    1]={ 0.00000e+00,  0.00000e+00,  0.00000e+00}
      ref_p[    2]={ 0.00000e+00,  0.00000e+00,  0.00000e+00}
   compress (3x3):
      compress[    0]={ 0.00000e+00,  0.00000e+00,  0.00000e+00}
      compress[    1]={ 0.00000e+00,  0.00000e+00,  0.00000e+00}
      compress[    2]={ 0.00000e+00,  0.00000e+00,  0.00000e+00}
   refcoord_scaling     = No
   posres_com (3):
      posres_com[0]= 0.00000e+00
      posres_com[1]= 0.00000e+00
      posres_com[2]= 0.00000e+00
   posres_comB (3):
      posres_comB[0]= 0.00000e+00
      posres_comB[1]= 0.00000e+00
      posres_comB[2]= 0.00000e+00
   andersen_seed        = 815131
   rlist                = 0.8
   rlistlong            = 0.8
   rtpi                 = 0.05
   coulombtype          = Cut-off
   rcoulomb_switch      = 0
   rcoulomb             = 0.8
   vdwtype              = Cut-off
   rvdw_switch          = 0
   rvdw                 = 0.8
   epsilon_r            = 1
   epsilon_rf           = 1
   tabext               = 1
   implicit_solvent     = No
   gb_algorithm         = Still
   gb_epsilon_solvent   = 80
   nstgbradii           = 1
   rgbradii             = 1
   gb_saltconc          = 0
   gb_obc_alpha         = 1
   gb_obc_beta          = 0.8
   gb_obc_gamma         = 4.85
   gb_dielectric_offset = 0.009
   sa_algorithm         = Ace-approximation
   sa_surface_tension   = 2.05016
   DispCorr             = No
   free_energy          = no
   init_lambda          = 0
   delta_lambda         = 0
   n_foreign_lambda     = 0
   sc_alpha             = 0
   sc_power             = 0
   sc_sigma             = 0.3
   sc_sigma_min         = 0.3
   nstdhdl              = 10
   separate_dhdl_file   = yes
   dhdl_derivatives     = yes
   dh_hist_size         = 0
   dh_hist_spacing      = 0.1
   nwall                = 0
   wall_type            = 9-3
   wall_atomtype[0]     = -1
   wall_atomtype[1]     = -1
   wall_density[0]      = 0
   wall_density[1]      = 0
   wall_ewald_zfac      = 3
   pull                 = no
   disre                = No
   disre_weighting      = Conservative
   disre_mixed          = FALSE
   dr_fc                = 1000
   dr_tau               = 0
   nstdisreout          = 100
   orires_fc            = 0
   orires_tau           = 0
   nstorireout          = 100
   dihre-fc             = 1000
   em_stepsize          = 0.1
   em_tol               = 100
   niter                = 20
   fc_stepsize          = 0
   nstcgsteep           = 1000
   nbfgscorr            = 10
   ConstAlg             = Lincs
   shake_tol            = 0.0001
   lincs_order          = 4
   lincs_warnangle      = 30
   lincs_iter           = 1
   bd_fric              = 0
   ld_seed              = 1993
   cos_accel            = 0
   deform (3x3):
      deform[    0]={ 0.00000e+00,  0.00000e+00,  0.00000e+00}
      deform[    1]={ 0.00000e+00,  0.00000e+00,  0.00000e+00}
      deform[    2]={ 0.00000e+00,  0.00000e+00,  0.00000e+00}
   userint1             = 0
   userint2             = 0
   userint3             = 0
   userint4             = 0
   userreal1            = 0
   userreal2            = 0
   userreal3            = 0
   userreal4            = 0
grpopts:
   nrdf:       19464
   ref_t:           0
   tau_t:           0
anneal:          No
ann_npoints:           0
   acc:	           0           0           0
   nfreeze:           N           N           N
   energygrp_flags[  0]: 0
   efield-x:
      n = 0
   efield-xt:
      n = 0
   efield-y:
      n = 0
   efield-yt:
      n = 0
   efield-z:
      n = 0
   efield-zt:
      n = 0
   bQMMM                = FALSE
   QMconstraints        = 0
   QMMMscheme           = 0
   scalefactor          = 1
qm_opts:
   ngQM                 = 0
   emsteps              = 0
   emweight             = 0
   emthresh             = 123456
   emsigma              = 0
   emcutoff             = 0
   emwritefrequency     = -1
Table routines are used for coulomb: FALSE
Table routines are used for vdw:     FALSE
Cut-off's:   NS: 0.8   Coulomb: 0.8   LJ: 0.8
System total charge: -200.000
Generated table with 900 data points for 1-4 COUL.
Tabscale = 500 points/nm
Generated table with 900 data points for 1-4 LJ6.
Tabscale = 500 points/nm
Generated table with 900 data points for 1-4 LJ12.
Tabscale = 500 points/nm
Configuring nonbonded kernels...
Configuring standard C nonbonded kernels...
Testing x86_64 SSE2 support... present.


Initiating Steepest Descents
Started Steepest Descents on node 0 Thu Jun 28 10:30:17 2018

Steepest Descents:
   Tolerance (Fmax)   =  1.00000e+02
   Number of steps    =           10
Grid: 17 x 8 x 8 cells
           Step           Time         Lambda
              0        0.00000        0.00000

           Step           Time         Lambda
              1        1.00000        0.00000

   Energies (kJ/mol)
           Bond          Angle    Proper Dih.  Improper Dih.          LJ-14
    3.57286e+04    1.48197e+04    1.95283e+04    1.40246e+02    3.37438e+04
     Coulomb-14        LJ (SR)   Coulomb (SR)      Potential Pressure (bar)
   -9.36985e+04    5.55081e+06   -1.28072e+04    5.54826e+06    0.00000e+00

           Step           Time         Lambda
              2        2.00000        0.00000

   Energies (kJ/mol)
           Bond          Angle    Proper Dih.  Improper Dih.          LJ-14
    3.71124e+04    1.48928e+04    1.95278e+04    1.40247e+02    3.28621e+04
     Coulomb-14        LJ (SR)   Coulomb (SR)      Potential Pressure (bar)
   -9.36981e+04   -1.16264e+04   -1.26001e+04   -1.33893e+04    0.00000e+00

           Step           Time         Lambda
              3        3.00000        0.00000

   Energies (kJ/mol)
           Bond          Angle    Proper Dih.  Improper Dih.          LJ-14
    4.43312e+04    1.45878e+04    1.95450e+04    1.41880e+02    9.30884e+03
     Coulomb-14        LJ (SR)   Coulomb (SR)      Potential Pressure (bar)
   -9.37059e+04   -1.15436e+04   -1.22015e+04   -2.95363e+04    0.00000e+00

           Step           Time         Lambda
              4        4.00000        0.00000

   Energies (kJ/mol)
           Bond          Angle    Proper Dih.  Improper Dih.          LJ-14
    1.24416e+04    1.44184e+04    1.95347e+04    1.22192e+02    8.07453e+03
     Coulomb-14        LJ (SR)   Coulomb (SR)      Potential Pressure (bar)
   -9.39102e+04   -1.19557e+04   -1.21054e+04   -6.33798e+04    0.00000e+00

           Step           Time         Lambda
              5        5.00000        0.00000

           Step           Time         Lambda
              6        6.00000        0.00000

   Energies (kJ/mol)
           Bond          Angle    Proper Dih.  Improper Dih.          LJ-14
    7.69545e+03    1.18318e+04    1.95629e+04    1.08492e+02    7.79094e+03
     Coulomb-14        LJ (SR)   Coulomb (SR)      Potential Pressure (bar)
   -9.41079e+04   -1.19518e+04   -1.33142e+04   -7.23843e+04    0.00000e+00

           Step           Time         Lambda
              7        7.00000        0.00000

           Step           Time         Lambda
              8        8.00000        0.00000

   Energies (kJ/mol)
           Bond          Angle    Proper Dih.  Improper Dih.          LJ-14
    3.15958e+03    1.01518e+04    1.94911e+04    9.74982e+01    7.68252e+03
     Coulomb-14        LJ (SR)   Coulomb (SR)      Potential Pressure (bar)
   -9.42627e+04   -1.19814e+04   -1.19754e+04   -7.76371e+04    0.00000e+00

           Step           Time         Lambda
              9        9.00000        0.00000

           Step           Time         Lambda
             10       10.00000        0.00000

   Energies (kJ/mol)
           Bond          Angle    Proper Dih.  Improper Dih.          LJ-14
    2.82168e+03    9.33413e+03    1.94774e+04    8.55027e+01    7.55746e+03
     Coulomb-14        LJ (SR)   Coulomb (SR)      Potential Pressure (bar)
   -9.44187e+04   -1.19923e+04   -1.31662e+04   -8.03010e+04    0.00000e+00


Reached the maximum number of steps before reaching Fmax < 100

Steepest Descents did not converge to Fmax < 100 in 11 steps.
Potential Energy  = -8.0300992e+04
Maximum force     =  2.8238408e+04 on atom 6472
Norm of force     =  7.4949048e+02

	M E G A - F L O P S   A C C O U N T I N G

   RF=Reaction-Field  FE=Free Energy  SCFE=Soft-Core/Free Energy
   T=Tabulated        W3=SPC/TIP3p    W4=TIP4p (single or pairs)
   NF=No Forces

 Computing:                               M-Number         M-Flops  % Flops
-----------------------------------------------------------------------------
 Coulomb                                  0.187618           5.066     1.0
 Coulomb + LJ                             2.993769         113.763    22.8
 Outer nonbonded loop                     0.132180           1.322     0.3
 1,4 nonbonded interactions               0.181181          16.306     3.3
 NS-Pairs                                13.154458         276.244    55.3
 CG-CoM                                   0.071379           0.214     0.0
 Bonds                                    0.077044           4.546     0.9
 Angles                                   0.137698          23.133     4.6
 Propers                                  0.252912          57.917    11.6
 Virial                                   0.071874           1.294     0.3
-----------------------------------------------------------------------------
 Total                                                     499.804   100.0
-----------------------------------------------------------------------------


     R E A L   C Y C L E   A N D   T I M E   A C C O U N T I N G

 Computing:         Nodes     Number     G-Cycles    Seconds     %
-----------------------------------------------------------------------
 Neighbor search        1         11        1.079        0.2    32.0
 Force                  1         11        0.564        0.1    16.7
 Rest                   1                   1.730        0.3    51.3
-----------------------------------------------------------------------
 Total                  1                   3.373        0.5   100.0
-----------------------------------------------------------------------

               NODE (s)   Real (s)      (%)
       Time:      0.500      0.544     91.9
               (Mnbf/s)   (MFlops)   (steps/hour)
Performance:      6.363    499.804        79204.3
Finished mdrun on node 0 Thu Jun 28 10:30:18 2018
